<?xml version="1.0" encoding="UTF-8"?>
<testsuite xmlns:xsi="http://www.w3.org/2001/XMLSchema-instance" xsi:noNamespaceSchemaLocation="https://maven.apache.org/surefire/maven-surefire-plugin/xsd/surefire-test-report.xsd" name="com.vdobrikov.opensearch.autoconfigure.OpenSearchAutoConfigurationTest" time="0.726" tests="4" errors="0" skipped="0" failures="0">
  <properties>
    <property name="java.specification.version" value="17"/>
    <property name="sun.jnu.encoding" value="UTF-8"/>
    <property name="java.class.path" value="/Users/vdobrikov/dev/opensearch-spring-boot-starter-project/opensearch-spring-boot-autoconfigure/target/test-classes:/Users/vdobrikov/dev/opensearch-spring-boot-starter-project/opensearch-spring-boot-autoconfigure/target/classes:/Users/vdobrikov/.m2/repository/org/springframework/boot/spring-boot-autoconfigure/2.7.1/spring-boot-autoconfigure-2.7.1.jar:/Users/vdobrikov/.m2/repository/org/springframework/boot/spring-boot/2.7.1/spring-boot-2.7.1.jar:/Users/vdobrikov/.m2/repository/org/springframework/spring-context/5.3.21/spring-context-5.3.21.jar:/Users/vdobrikov/.m2/repository/org/springframework/spring-aop/5.3.21/spring-aop-5.3.21.jar:/Users/vdobrikov/.m2/repository/org/springframework/spring-beans/5.3.21/spring-beans-5.3.21.jar:/Users/vdobrikov/.m2/repository/org/springframework/spring-expression/5.3.21/spring-expression-5.3.21.jar:/Users/vdobrikov/.m2/repository/org/springframework/boot/spring-boot-configuration-processor/2.7.1/spring-boot-configuration-processor-2.7.1.jar:/Users/vdobrikov/.m2/repository/org/opensearch/client/opensearch-rest-client/2.1.0/opensearch-rest-client-2.1.0.jar:/Users/vdobrikov/.m2/repository/org/apache/httpcomponents/httpclient/4.5.13/httpclient-4.5.13.jar:/Users/vdobrikov/.m2/repository/org/apache/httpcomponents/httpcore/4.4.15/httpcore-4.4.15.jar:/Users/vdobrikov/.m2/repository/org/apache/httpcomponents/httpasyncclient/4.1.5/httpasyncclient-4.1.5.jar:/Users/vdobrikov/.m2/repository/org/apache/httpcomponents/httpcore-nio/4.4.15/httpcore-nio-4.4.15.jar:/Users/vdobrikov/.m2/repository/commons-codec/commons-codec/1.15/commons-codec-1.15.jar:/Users/vdobrikov/.m2/repository/commons-logging/commons-logging/1.2/commons-logging-1.2.jar:/Users/vdobrikov/.m2/repository/org/opensearch/client/opensearch-java/2.1.0/opensearch-java-2.1.0.jar:/Users/vdobrikov/.m2/repository/com/google/code/findbugs/jsr305/3.0.2/jsr305-3.0.2.jar:/Users/vdobrikov/.m2/repository/jakarta/json/jakarta.json-api/1.1.6/jakarta.json-api-1.1.6.jar:/Users/vdobrikov/.m2/repository/org/eclipse/parsson/parsson/1.0.0/parsson-1.0.0.jar:/Users/vdobrikov/.m2/repository/jakarta/json/bind/jakarta.json.bind-api/1.0.2/jakarta.json.bind-api-1.0.2.jar:/Users/vdobrikov/.m2/repository/com/fasterxml/jackson/core/jackson-core/2.13.3/jackson-core-2.13.3.jar:/Users/vdobrikov/.m2/repository/com/fasterxml/jackson/core/jackson-databind/2.13.3/jackson-databind-2.13.3.jar:/Users/vdobrikov/.m2/repository/com/fasterxml/jackson/core/jackson-annotations/2.13.3/jackson-annotations-2.13.3.jar:/Users/vdobrikov/.m2/repository/org/eclipse/yasson/2.0.2/yasson-2.0.2.jar:/Users/vdobrikov/.m2/repository/org/glassfish/jakarta.json/2.0.0/jakarta.json-2.0.0-module.jar:/Users/vdobrikov/.m2/repository/org/opensearch/client/opensearch-rest-high-level-client/2.1.0/opensearch-rest-high-level-client-2.1.0.jar:/Users/vdobrikov/.m2/repository/org/opensearch/opensearch/2.1.0/opensearch-2.1.0.jar:/Users/vdobrikov/.m2/repository/org/opensearch/opensearch-core/2.1.0/opensearch-core-2.1.0.jar:/Users/vdobrikov/.m2/repository/org/opensearch/opensearch-secure-sm/2.1.0/opensearch-secure-sm-2.1.0.jar:/Users/vdobrikov/.m2/repository/org/opensearch/opensearch-x-content/2.1.0/opensearch-x-content-2.1.0.jar:/Users/vdobrikov/.m2/repository/com/fasterxml/jackson/dataformat/jackson-dataformat-smile/2.13.3/jackson-dataformat-smile-2.13.3.jar:/Users/vdobrikov/.m2/repository/com/fasterxml/jackson/dataformat/jackson-dataformat-yaml/2.13.3/jackson-dataformat-yaml-2.13.3.jar:/Users/vdobrikov/.m2/repository/com/fasterxml/jackson/dataformat/jackson-dataformat-cbor/2.13.3/jackson-dataformat-cbor-2.13.3.jar:/Users/vdobrikov/.m2/repository/org/opensearch/opensearch-geo/2.1.0/opensearch-geo-2.1.0.jar:/Users/vdobrikov/.m2/repository/org/apache/lucene/lucene-core/9.2.0/lucene-core-9.2.0.jar:/Users/vdobrikov/.m2/repository/org/apache/lucene/lucene-analysis-common/9.2.0/lucene-analysis-common-9.2.0.jar:/Users/vdobrikov/.m2/repository/org/apache/lucene/lucene-backward-codecs/9.2.0/lucene-backward-codecs-9.2.0.jar:/Users/vdobrikov/.m2/repository/org/apache/lucene/lucene-grouping/9.2.0/lucene-grouping-9.2.0.jar:/Users/vdobrikov/.m2/repository/org/apache/lucene/lucene-highlighter/9.2.0/lucene-highlighter-9.2.0.jar:/Users/vdobrikov/.m2/repository/org/apache/lucene/lucene-join/9.2.0/lucene-join-9.2.0.jar:/Users/vdobrikov/.m2/repository/org/apache/lucene/lucene-memory/9.2.0/lucene-memory-9.2.0.jar:/Users/vdobrikov/.m2/repository/org/apache/lucene/lucene-misc/9.2.0/lucene-misc-9.2.0.jar:/Users/vdobrikov/.m2/repository/org/apache/lucene/lucene-queries/9.2.0/lucene-queries-9.2.0.jar:/Users/vdobrikov/.m2/repository/org/apache/lucene/lucene-queryparser/9.2.0/lucene-queryparser-9.2.0.jar:/Users/vdobrikov/.m2/repository/org/apache/lucene/lucene-sandbox/9.2.0/lucene-sandbox-9.2.0.jar:/Users/vdobrikov/.m2/repository/org/apache/lucene/lucene-spatial-extras/9.2.0/lucene-spatial-extras-9.2.0.jar:/Users/vdobrikov/.m2/repository/org/apache/lucene/lucene-spatial3d/9.2.0/lucene-spatial3d-9.2.0.jar:/Users/vdobrikov/.m2/repository/org/apache/lucene/lucene-suggest/9.2.0/lucene-suggest-9.2.0.jar:/Users/vdobrikov/.m2/repository/org/opensearch/opensearch-cli/2.1.0/opensearch-cli-2.1.0.jar:/Users/vdobrikov/.m2/repository/net/sf/jopt-simple/jopt-simple/5.0.4/jopt-simple-5.0.4.jar:/Users/vdobrikov/.m2/repository/com/carrotsearch/hppc/0.8.1/hppc-0.8.1.jar:/Users/vdobrikov/.m2/repository/joda-time/joda-time/2.10.12/joda-time-2.10.12.jar:/Users/vdobrikov/.m2/repository/com/tdunning/t-digest/3.2/t-digest-3.2.jar:/Users/vdobrikov/.m2/repository/org/hdrhistogram/HdrHistogram/2.1.12/HdrHistogram-2.1.12.jar:/Users/vdobrikov/.m2/repository/org/apache/logging/log4j/log4j-api/2.17.2/log4j-api-2.17.2.jar:/Users/vdobrikov/.m2/repository/net/java/dev/jna/jna/5.5.0/jna-5.5.0.jar:/Users/vdobrikov/.m2/repository/org/opensearch/plugin/mapper-extras-client/2.1.0/mapper-extras-client-2.1.0.jar:/Users/vdobrikov/.m2/repository/org/opensearch/plugin/parent-join-client/2.1.0/parent-join-client-2.1.0.jar:/Users/vdobrikov/.m2/repository/org/opensearch/plugin/aggs-matrix-stats-client/2.1.0/aggs-matrix-stats-client-2.1.0.jar:/Users/vdobrikov/.m2/repository/org/opensearch/plugin/rank-eval-client/2.1.0/rank-eval-client-2.1.0.jar:/Users/vdobrikov/.m2/repository/org/opensearch/plugin/lang-mustache-client/2.1.0/lang-mustache-client-2.1.0.jar:/Users/vdobrikov/.m2/repository/com/github/spullara/mustache/java/compiler/0.9.10/compiler-0.9.10.jar:/Users/vdobrikov/.m2/repository/jakarta/platform/jakarta.jakartaee-web-api/9.1.0/jakarta.jakartaee-web-api-9.1.0.jar:/Users/vdobrikov/.m2/repository/org/projectlombok/lombok/1.18.24/lombok-1.18.24.jar:/Users/vdobrikov/.m2/repository/org/springframework/boot/spring-boot-starter-test/2.7.1/spring-boot-starter-test-2.7.1.jar:/Users/vdobrikov/.m2/repository/org/springframework/boot/spring-boot-starter/2.7.1/spring-boot-starter-2.7.1.jar:/Users/vdobrikov/.m2/repository/org/springframework/boot/spring-boot-starter-logging/2.7.1/spring-boot-starter-logging-2.7.1.jar:/Users/vdobrikov/.m2/repository/ch/qos/logback/logback-classic/1.2.11/logback-classic-1.2.11.jar:/Users/vdobrikov/.m2/repository/ch/qos/logback/logback-core/1.2.11/logback-core-1.2.11.jar:/Users/vdobrikov/.m2/repository/org/apache/logging/log4j/log4j-to-slf4j/2.17.2/log4j-to-slf4j-2.17.2.jar:/Users/vdobrikov/.m2/repository/org/slf4j/jul-to-slf4j/1.7.36/jul-to-slf4j-1.7.36.jar:/Users/vdobrikov/.m2/repository/jakarta/annotation/jakarta.annotation-api/1.3.5/jakarta.annotation-api-1.3.5.jar:/Users/vdobrikov/.m2/repository/org/yaml/snakeyaml/1.30/snakeyaml-1.30.jar:/Users/vdobrikov/.m2/repository/org/springframework/boot/spring-boot-test/2.7.1/spring-boot-test-2.7.1.jar:/Users/vdobrikov/.m2/repository/org/springframework/boot/spring-boot-test-autoconfigure/2.7.1/spring-boot-test-autoconfigure-2.7.1.jar:/Users/vdobrikov/.m2/repository/com/jayway/jsonpath/json-path/2.7.0/json-path-2.7.0.jar:/Users/vdobrikov/.m2/repository/net/minidev/json-smart/2.4.8/json-smart-2.4.8.jar:/Users/vdobrikov/.m2/repository/net/minidev/accessors-smart/2.4.8/accessors-smart-2.4.8.jar:/Users/vdobrikov/.m2/repository/org/ow2/asm/asm/9.1/asm-9.1.jar:/Users/vdobrikov/.m2/repository/org/slf4j/slf4j-api/1.7.36/slf4j-api-1.7.36.jar:/Users/vdobrikov/.m2/repository/jakarta/xml/bind/jakarta.xml.bind-api/2.3.3/jakarta.xml.bind-api-2.3.3.jar:/Users/vdobrikov/.m2/repository/jakarta/activation/jakarta.activation-api/1.2.2/jakarta.activation-api-1.2.2.jar:/Users/vdobrikov/.m2/repository/org/hamcrest/hamcrest/2.2/hamcrest-2.2.jar:/Users/vdobrikov/.m2/repository/org/mockito/mockito-core/4.5.1/mockito-core-4.5.1.jar:/Users/vdobrikov/.m2/repository/net/bytebuddy/byte-buddy-agent/1.12.11/byte-buddy-agent-1.12.11.jar:/Users/vdobrikov/.m2/repository/org/objenesis/objenesis/3.2/objenesis-3.2.jar:/Users/vdobrikov/.m2/repository/org/mockito/mockito-junit-jupiter/4.5.1/mockito-junit-jupiter-4.5.1.jar:/Users/vdobrikov/.m2/repository/org/skyscreamer/jsonassert/1.5.0/jsonassert-1.5.0.jar:/Users/vdobrikov/.m2/repository/com/vaadin/external/google/android-json/0.0.20131108.vaadin1/android-json-0.0.20131108.vaadin1.jar:/Users/vdobrikov/.m2/repository/org/springframework/spring-core/5.3.21/spring-core-5.3.21.jar:/Users/vdobrikov/.m2/repository/org/springframework/spring-jcl/5.3.21/spring-jcl-5.3.21.jar:/Users/vdobrikov/.m2/repository/org/springframework/spring-test/5.3.21/spring-test-5.3.21.jar:/Users/vdobrikov/.m2/repository/org/xmlunit/xmlunit-core/2.9.0/xmlunit-core-2.9.0.jar:/Users/vdobrikov/.m2/repository/org/junit/jupiter/junit-jupiter/5.8.2/junit-jupiter-5.8.2.jar:/Users/vdobrikov/.m2/repository/org/junit/jupiter/junit-jupiter-api/5.8.2/junit-jupiter-api-5.8.2.jar:/Users/vdobrikov/.m2/repository/org/opentest4j/opentest4j/1.2.0/opentest4j-1.2.0.jar:/Users/vdobrikov/.m2/repository/org/junit/platform/junit-platform-commons/1.8.2/junit-platform-commons-1.8.2.jar:/Users/vdobrikov/.m2/repository/org/apiguardian/apiguardian-api/1.1.2/apiguardian-api-1.1.2.jar:/Users/vdobrikov/.m2/repository/org/junit/jupiter/junit-jupiter-params/5.8.2/junit-jupiter-params-5.8.2.jar:/Users/vdobrikov/.m2/repository/org/junit/jupiter/junit-jupiter-engine/5.8.2/junit-jupiter-engine-5.8.2.jar:/Users/vdobrikov/.m2/repository/org/junit/platform/junit-platform-engine/1.8.2/junit-platform-engine-1.8.2.jar:/Users/vdobrikov/.m2/repository/org/assertj/assertj-core/3.23.1/assertj-core-3.23.1.jar:/Users/vdobrikov/.m2/repository/net/bytebuddy/byte-buddy/1.12.11/byte-buddy-1.12.11.jar:"/>
    <property name="java.vm.vendor" value="Amazon.com Inc."/>
    <property name="sun.arch.data.model" value="64"/>
    <property name="java.vendor.url" value="https://aws.amazon.com/corretto/"/>
    <property name="os.name" value="Mac OS X"/>
    <property name="java.vm.specification.version" value="17"/>
    <property name="sun.java.launcher" value="SUN_STANDARD"/>
    <property name="user.country" value="GB"/>
    <property name="sun.boot.library.path" value="/Users/vdobrikov/.sdkman/candidates/java/17.0.1.12.1-amzn/lib"/>
    <property name="sun.java.command" value="/Users/vdobrikov/dev/opensearch-spring-boot-starter-project/opensearch-spring-boot-autoconfigure/target/surefire/surefirebooter14488053351363728364.jar /Users/vdobrikov/dev/opensearch-spring-boot-starter-project/opensearch-spring-boot-autoconfigure/target/surefire 2022-08-06T15-48-43_271-jvmRun1 surefire3060295529379352468tmp surefire_0306271470288433576tmp"/>
    <property name="http.nonProxyHosts" value="local|*.local|169.254/16|*.169.254/16"/>
    <property name="jdk.debug" value="release"/>
    <property name="surefire.test.class.path" value="/Users/vdobrikov/dev/opensearch-spring-boot-starter-project/opensearch-spring-boot-autoconfigure/target/test-classes:/Users/vdobrikov/dev/opensearch-spring-boot-starter-project/opensearch-spring-boot-autoconfigure/target/classes:/Users/vdobrikov/.m2/repository/org/springframework/boot/spring-boot-autoconfigure/2.7.1/spring-boot-autoconfigure-2.7.1.jar:/Users/vdobrikov/.m2/repository/org/springframework/boot/spring-boot/2.7.1/spring-boot-2.7.1.jar:/Users/vdobrikov/.m2/repository/org/springframework/spring-context/5.3.21/spring-context-5.3.21.jar:/Users/vdobrikov/.m2/repository/org/springframework/spring-aop/5.3.21/spring-aop-5.3.21.jar:/Users/vdobrikov/.m2/repository/org/springframework/spring-beans/5.3.21/spring-beans-5.3.21.jar:/Users/vdobrikov/.m2/repository/org/springframework/spring-expression/5.3.21/spring-expression-5.3.21.jar:/Users/vdobrikov/.m2/repository/org/springframework/boot/spring-boot-configuration-processor/2.7.1/spring-boot-configuration-processor-2.7.1.jar:/Users/vdobrikov/.m2/repository/org/opensearch/client/opensearch-rest-client/2.1.0/opensearch-rest-client-2.1.0.jar:/Users/vdobrikov/.m2/repository/org/apache/httpcomponents/httpclient/4.5.13/httpclient-4.5.13.jar:/Users/vdobrikov/.m2/repository/org/apache/httpcomponents/httpcore/4.4.15/httpcore-4.4.15.jar:/Users/vdobrikov/.m2/repository/org/apache/httpcomponents/httpasyncclient/4.1.5/httpasyncclient-4.1.5.jar:/Users/vdobrikov/.m2/repository/org/apache/httpcomponents/httpcore-nio/4.4.15/httpcore-nio-4.4.15.jar:/Users/vdobrikov/.m2/repository/commons-codec/commons-codec/1.15/commons-codec-1.15.jar:/Users/vdobrikov/.m2/repository/commons-logging/commons-logging/1.2/commons-logging-1.2.jar:/Users/vdobrikov/.m2/repository/org/opensearch/client/opensearch-java/2.1.0/opensearch-java-2.1.0.jar:/Users/vdobrikov/.m2/repository/com/google/code/findbugs/jsr305/3.0.2/jsr305-3.0.2.jar:/Users/vdobrikov/.m2/repository/jakarta/json/jakarta.json-api/1.1.6/jakarta.json-api-1.1.6.jar:/Users/vdobrikov/.m2/repository/org/eclipse/parsson/parsson/1.0.0/parsson-1.0.0.jar:/Users/vdobrikov/.m2/repository/jakarta/json/bind/jakarta.json.bind-api/1.0.2/jakarta.json.bind-api-1.0.2.jar:/Users/vdobrikov/.m2/repository/com/fasterxml/jackson/core/jackson-core/2.13.3/jackson-core-2.13.3.jar:/Users/vdobrikov/.m2/repository/com/fasterxml/jackson/core/jackson-databind/2.13.3/jackson-databind-2.13.3.jar:/Users/vdobrikov/.m2/repository/com/fasterxml/jackson/core/jackson-annotations/2.13.3/jackson-annotations-2.13.3.jar:/Users/vdobrikov/.m2/repository/org/eclipse/yasson/2.0.2/yasson-2.0.2.jar:/Users/vdobrikov/.m2/repository/org/glassfish/jakarta.json/2.0.0/jakarta.json-2.0.0-module.jar:/Users/vdobrikov/.m2/repository/org/opensearch/client/opensearch-rest-high-level-client/2.1.0/opensearch-rest-high-level-client-2.1.0.jar:/Users/vdobrikov/.m2/repository/org/opensearch/opensearch/2.1.0/opensearch-2.1.0.jar:/Users/vdobrikov/.m2/repository/org/opensearch/opensearch-core/2.1.0/opensearch-core-2.1.0.jar:/Users/vdobrikov/.m2/repository/org/opensearch/opensearch-secure-sm/2.1.0/opensearch-secure-sm-2.1.0.jar:/Users/vdobrikov/.m2/repository/org/opensearch/opensearch-x-content/2.1.0/opensearch-x-content-2.1.0.jar:/Users/vdobrikov/.m2/repository/com/fasterxml/jackson/dataformat/jackson-dataformat-smile/2.13.3/jackson-dataformat-smile-2.13.3.jar:/Users/vdobrikov/.m2/repository/com/fasterxml/jackson/dataformat/jackson-dataformat-yaml/2.13.3/jackson-dataformat-yaml-2.13.3.jar:/Users/vdobrikov/.m2/repository/com/fasterxml/jackson/dataformat/jackson-dataformat-cbor/2.13.3/jackson-dataformat-cbor-2.13.3.jar:/Users/vdobrikov/.m2/repository/org/opensearch/opensearch-geo/2.1.0/opensearch-geo-2.1.0.jar:/Users/vdobrikov/.m2/repository/org/apache/lucene/lucene-core/9.2.0/lucene-core-9.2.0.jar:/Users/vdobrikov/.m2/repository/org/apache/lucene/lucene-analysis-common/9.2.0/lucene-analysis-common-9.2.0.jar:/Users/vdobrikov/.m2/repository/org/apache/lucene/lucene-backward-codecs/9.2.0/lucene-backward-codecs-9.2.0.jar:/Users/vdobrikov/.m2/repository/org/apache/lucene/lucene-grouping/9.2.0/lucene-grouping-9.2.0.jar:/Users/vdobrikov/.m2/repository/org/apache/lucene/lucene-highlighter/9.2.0/lucene-highlighter-9.2.0.jar:/Users/vdobrikov/.m2/repository/org/apache/lucene/lucene-join/9.2.0/lucene-join-9.2.0.jar:/Users/vdobrikov/.m2/repository/org/apache/lucene/lucene-memory/9.2.0/lucene-memory-9.2.0.jar:/Users/vdobrikov/.m2/repository/org/apache/lucene/lucene-misc/9.2.0/lucene-misc-9.2.0.jar:/Users/vdobrikov/.m2/repository/org/apache/lucene/lucene-queries/9.2.0/lucene-queries-9.2.0.jar:/Users/vdobrikov/.m2/repository/org/apache/lucene/lucene-queryparser/9.2.0/lucene-queryparser-9.2.0.jar:/Users/vdobrikov/.m2/repository/org/apache/lucene/lucene-sandbox/9.2.0/lucene-sandbox-9.2.0.jar:/Users/vdobrikov/.m2/repository/org/apache/lucene/lucene-spatial-extras/9.2.0/lucene-spatial-extras-9.2.0.jar:/Users/vdobrikov/.m2/repository/org/apache/lucene/lucene-spatial3d/9.2.0/lucene-spatial3d-9.2.0.jar:/Users/vdobrikov/.m2/repository/org/apache/lucene/lucene-suggest/9.2.0/lucene-suggest-9.2.0.jar:/Users/vdobrikov/.m2/repository/org/opensearch/opensearch-cli/2.1.0/opensearch-cli-2.1.0.jar:/Users/vdobrikov/.m2/repository/net/sf/jopt-simple/jopt-simple/5.0.4/jopt-simple-5.0.4.jar:/Users/vdobrikov/.m2/repository/com/carrotsearch/hppc/0.8.1/hppc-0.8.1.jar:/Users/vdobrikov/.m2/repository/joda-time/joda-time/2.10.12/joda-time-2.10.12.jar:/Users/vdobrikov/.m2/repository/com/tdunning/t-digest/3.2/t-digest-3.2.jar:/Users/vdobrikov/.m2/repository/org/hdrhistogram/HdrHistogram/2.1.12/HdrHistogram-2.1.12.jar:/Users/vdobrikov/.m2/repository/org/apache/logging/log4j/log4j-api/2.17.2/log4j-api-2.17.2.jar:/Users/vdobrikov/.m2/repository/net/java/dev/jna/jna/5.5.0/jna-5.5.0.jar:/Users/vdobrikov/.m2/repository/org/opensearch/plugin/mapper-extras-client/2.1.0/mapper-extras-client-2.1.0.jar:/Users/vdobrikov/.m2/repository/org/opensearch/plugin/parent-join-client/2.1.0/parent-join-client-2.1.0.jar:/Users/vdobrikov/.m2/repository/org/opensearch/plugin/aggs-matrix-stats-client/2.1.0/aggs-matrix-stats-client-2.1.0.jar:/Users/vdobrikov/.m2/repository/org/opensearch/plugin/rank-eval-client/2.1.0/rank-eval-client-2.1.0.jar:/Users/vdobrikov/.m2/repository/org/opensearch/plugin/lang-mustache-client/2.1.0/lang-mustache-client-2.1.0.jar:/Users/vdobrikov/.m2/repository/com/github/spullara/mustache/java/compiler/0.9.10/compiler-0.9.10.jar:/Users/vdobrikov/.m2/repository/jakarta/platform/jakarta.jakartaee-web-api/9.1.0/jakarta.jakartaee-web-api-9.1.0.jar:/Users/vdobrikov/.m2/repository/org/projectlombok/lombok/1.18.24/lombok-1.18.24.jar:/Users/vdobrikov/.m2/repository/org/springframework/boot/spring-boot-starter-test/2.7.1/spring-boot-starter-test-2.7.1.jar:/Users/vdobrikov/.m2/repository/org/springframework/boot/spring-boot-starter/2.7.1/spring-boot-starter-2.7.1.jar:/Users/vdobrikov/.m2/repository/org/springframework/boot/spring-boot-starter-logging/2.7.1/spring-boot-starter-logging-2.7.1.jar:/Users/vdobrikov/.m2/repository/ch/qos/logback/logback-classic/1.2.11/logback-classic-1.2.11.jar:/Users/vdobrikov/.m2/repository/ch/qos/logback/logback-core/1.2.11/logback-core-1.2.11.jar:/Users/vdobrikov/.m2/repository/org/apache/logging/log4j/log4j-to-slf4j/2.17.2/log4j-to-slf4j-2.17.2.jar:/Users/vdobrikov/.m2/repository/org/slf4j/jul-to-slf4j/1.7.36/jul-to-slf4j-1.7.36.jar:/Users/vdobrikov/.m2/repository/jakarta/annotation/jakarta.annotation-api/1.3.5/jakarta.annotation-api-1.3.5.jar:/Users/vdobrikov/.m2/repository/org/yaml/snakeyaml/1.30/snakeyaml-1.30.jar:/Users/vdobrikov/.m2/repository/org/springframework/boot/spring-boot-test/2.7.1/spring-boot-test-2.7.1.jar:/Users/vdobrikov/.m2/repository/org/springframework/boot/spring-boot-test-autoconfigure/2.7.1/spring-boot-test-autoconfigure-2.7.1.jar:/Users/vdobrikov/.m2/repository/com/jayway/jsonpath/json-path/2.7.0/json-path-2.7.0.jar:/Users/vdobrikov/.m2/repository/net/minidev/json-smart/2.4.8/json-smart-2.4.8.jar:/Users/vdobrikov/.m2/repository/net/minidev/accessors-smart/2.4.8/accessors-smart-2.4.8.jar:/Users/vdobrikov/.m2/repository/org/ow2/asm/asm/9.1/asm-9.1.jar:/Users/vdobrikov/.m2/repository/org/slf4j/slf4j-api/1.7.36/slf4j-api-1.7.36.jar:/Users/vdobrikov/.m2/repository/jakarta/xml/bind/jakarta.xml.bind-api/2.3.3/jakarta.xml.bind-api-2.3.3.jar:/Users/vdobrikov/.m2/repository/jakarta/activation/jakarta.activation-api/1.2.2/jakarta.activation-api-1.2.2.jar:/Users/vdobrikov/.m2/repository/org/hamcrest/hamcrest/2.2/hamcrest-2.2.jar:/Users/vdobrikov/.m2/repository/org/mockito/mockito-core/4.5.1/mockito-core-4.5.1.jar:/Users/vdobrikov/.m2/repository/net/bytebuddy/byte-buddy-agent/1.12.11/byte-buddy-agent-1.12.11.jar:/Users/vdobrikov/.m2/repository/org/objenesis/objenesis/3.2/objenesis-3.2.jar:/Users/vdobrikov/.m2/repository/org/mockito/mockito-junit-jupiter/4.5.1/mockito-junit-jupiter-4.5.1.jar:/Users/vdobrikov/.m2/repository/org/skyscreamer/jsonassert/1.5.0/jsonassert-1.5.0.jar:/Users/vdobrikov/.m2/repository/com/vaadin/external/google/android-json/0.0.20131108.vaadin1/android-json-0.0.20131108.vaadin1.jar:/Users/vdobrikov/.m2/repository/org/springframework/spring-core/5.3.21/spring-core-5.3.21.jar:/Users/vdobrikov/.m2/repository/org/springframework/spring-jcl/5.3.21/spring-jcl-5.3.21.jar:/Users/vdobrikov/.m2/repository/org/springframework/spring-test/5.3.21/spring-test-5.3.21.jar:/Users/vdobrikov/.m2/repository/org/xmlunit/xmlunit-core/2.9.0/xmlunit-core-2.9.0.jar:/Users/vdobrikov/.m2/repository/org/junit/jupiter/junit-jupiter/5.8.2/junit-jupiter-5.8.2.jar:/Users/vdobrikov/.m2/repository/org/junit/jupiter/junit-jupiter-api/5.8.2/junit-jupiter-api-5.8.2.jar:/Users/vdobrikov/.m2/repository/org/opentest4j/opentest4j/1.2.0/opentest4j-1.2.0.jar:/Users/vdobrikov/.m2/repository/org/junit/platform/junit-platform-commons/1.8.2/junit-platform-commons-1.8.2.jar:/Users/vdobrikov/.m2/repository/org/apiguardian/apiguardian-api/1.1.2/apiguardian-api-1.1.2.jar:/Users/vdobrikov/.m2/repository/org/junit/jupiter/junit-jupiter-params/5.8.2/junit-jupiter-params-5.8.2.jar:/Users/vdobrikov/.m2/repository/org/junit/jupiter/junit-jupiter-engine/5.8.2/junit-jupiter-engine-5.8.2.jar:/Users/vdobrikov/.m2/repository/org/junit/platform/junit-platform-engine/1.8.2/junit-platform-engine-1.8.2.jar:/Users/vdobrikov/.m2/repository/org/assertj/assertj-core/3.23.1/assertj-core-3.23.1.jar:/Users/vdobrikov/.m2/repository/net/bytebuddy/byte-buddy/1.12.11/byte-buddy-1.12.11.jar:"/>
    <property name="sun.cpu.endian" value="little"/>
    <property name="user.home" value="/Users/vdobrikov"/>
    <property name="user.language" value="en"/>
    <property name="java.specification.vendor" value="Oracle Corporation"/>
    <property name="java.version.date" value="2021-10-19"/>
    <property name="java.home" value="/Users/vdobrikov/.sdkman/candidates/java/17.0.1.12.1-amzn"/>
    <property name="file.separator" value="/"/>
    <property name="basedir" value="/Users/vdobrikov/dev/opensearch-spring-boot-starter-project/opensearch-spring-boot-autoconfigure"/>
    <property name="java.vm.compressedOopsMode" value="Zero based"/>
    <property name="line.separator" value="&#10;"/>
    <property name="java.specification.name" value="Java Platform API Specification"/>
    <property name="java.vm.specification.vendor" value="Oracle Corporation"/>
    <property name="surefire.real.class.path" value="/Users/vdobrikov/dev/opensearch-spring-boot-starter-project/opensearch-spring-boot-autoconfigure/target/surefire/surefirebooter14488053351363728364.jar"/>
    <property name="sun.management.compiler" value="HotSpot 64-Bit Tiered Compilers"/>
    <property name="ftp.nonProxyHosts" value="local|*.local|169.254/16|*.169.254/16"/>
    <property name="java.runtime.version" value="17.0.1+12-LTS"/>
    <property name="user.name" value="vdobrikov"/>
    <property name="path.separator" value=":"/>
    <property name="os.version" value="12.5"/>
    <property name="java.runtime.name" value="OpenJDK Runtime Environment"/>
    <property name="file.encoding" value="UTF-8"/>
    <property name="java.vm.name" value="OpenJDK 64-Bit Server VM"/>
    <property name="java.vendor.version" value="Corretto-17.0.1.12.1"/>
    <property name="localRepository" value="/Users/vdobrikov/.m2/repository"/>
    <property name="java.vendor.url.bug" value="https://github.com/corretto/corretto-17/issues/"/>
    <property name="java.io.tmpdir" value="/var/folders/xx/s4360xp95jd4nqbynzt13fy40000gn/T/"/>
    <property name="java.version" value="17.0.1"/>
    <property name="user.dir" value="/Users/vdobrikov/dev/opensearch-spring-boot-starter-project/opensearch-spring-boot-autoconfigure"/>
    <property name="os.arch" value="aarch64"/>
    <property name="java.vm.specification.name" value="Java Virtual Machine Specification"/>
    <property name="native.encoding" value="UTF-8"/>
    <property name="java.library.path" value="/Users/vdobrikov/Library/Java/Extensions:/Library/Java/Extensions:/Network/Library/Java/Extensions:/System/Library/Java/Extensions:/usr/lib/java:."/>
    <property name="java.vm.info" value="mixed mode, sharing"/>
    <property name="java.vendor" value="Amazon.com Inc."/>
    <property name="java.vm.version" value="17.0.1+12-LTS"/>
    <property name="sun.io.unicode.encoding" value="UnicodeBig"/>
    <property name="socksNonProxyHosts" value="local|*.local|169.254/16|*.169.254/16"/>
    <property name="java.class.version" value="61.0"/>
  </properties>
  <testcase name="credentialsProvider" classname="com.vdobrikov.opensearch.autoconfigure.OpenSearchAutoConfigurationTest" time="0.169"/>
  <testcase name="openSearchClient" classname="com.vdobrikov.opensearch.autoconfigure.OpenSearchAutoConfigurationTest" time="0"/>
  <testcase name="restClientBuilder" classname="com.vdobrikov.opensearch.autoconfigure.OpenSearchAutoConfigurationTest" time="0.003"/>
  <testcase name="restHighLevelClient" classname="com.vdobrikov.opensearch.autoconfigure.OpenSearchAutoConfigurationTest" time="0.001"/>
</testsuite>